{"level":"info","message":"User loggedin"}
{"level":"info","message":"new User registered"}
{"level":"info","message":"User loggedin"}
{"level":"info","message":"User loggedin"}
{"level":"info","message":"User loggedin"}
{"level":"info","message":"User loggedin"}
{"level":"info","message":"User logged out"}
{"level":"info","message":"User loggedin"}
{"level":"info","message":"User loggedin"}
{"level":"info","message":"User loggedin"}
{"level":"info","message":"User logged out"}
{"level":"info","message":"User loggedin"}
{"level":"info","message":"User logged out"}
{"level":"info","message":"new User registered"}
{"level":"info","message":"User logged out"}
{"level":"info","message":"User loggedin"}
{"level":"error","message":"Error: Unable to login Unable to login","stack":"Error: Unable to login\n    at Object.getUserByCredential (F:\\Task Manager\\Backend\\src\\services\\user.service.js:35:15)\n    at process.processTicksAndRejections (node:internal/process/task_queues:95:5)\n    at async F:\\Task Manager\\Backend\\src\\controllers\\auth.controller.js:75:18"}
{"level":"error","message":"Error: Unable to login Unable to login","stack":"Error: Unable to login\n    at Object.getUserByCredential (F:\\Task Manager\\Backend\\src\\services\\user.service.js:35:15)\n    at process.processTicksAndRejections (node:internal/process/task_queues:95:5)\n    at async F:\\Task Manager\\Backend\\src\\controllers\\auth.controller.js:75:18"}
{"level":"error","message":"Error: Unable to login Unable to login","stack":"Error: Unable to login\n    at Object.getUserByCredential (F:\\Task Manager\\Backend\\src\\services\\user.service.js:35:15)\n    at process.processTicksAndRejections (node:internal/process/task_queues:95:5)\n    at async F:\\Task Manager\\Backend\\src\\controllers\\auth.controller.js:75:18"}
{"level":"error","message":"Error: Unable to login Unable to login","stack":"Error: Unable to login\n    at Object.getUserByCredential (F:\\Task Manager\\Backend\\src\\services\\user.service.js:35:15)\n    at process.processTicksAndRejections (node:internal/process/task_queues:95:5)\n    at async F:\\Task Manager\\Backend\\src\\controllers\\auth.controller.js:75:18"}
{"level":"error","message":"Error: Unable to login Unable to login","stack":"Error: Unable to login\n    at Object.getUserByCredential (F:\\Task Manager\\Backend\\src\\services\\user.service.js:35:15)\n    at process.processTicksAndRejections (node:internal/process/task_queues:95:5)\n    at async F:\\Task Manager\\Backend\\src\\controllers\\auth.controller.js:75:18"}
{"level":"error","message":"Error: Unable to login Unable to login","stack":"Error: Unable to login\n    at Object.getUserByCredential (F:\\Task Manager\\Backend\\src\\services\\user.service.js:35:15)\n    at process.processTicksAndRejections (node:internal/process/task_queues:95:5)\n    at async F:\\Task Manager\\Backend\\src\\controllers\\auth.controller.js:75:18"}
{"level":"error","message":"Error: Unable to login Unable to login","stack":"Error: Unable to login\n    at Object.getUserByCredential (F:\\Task Manager\\Backend\\src\\services\\user.service.js:35:15)\n    at process.processTicksAndRejections (node:internal/process/task_queues:95:5)\n    at async F:\\Task Manager\\Backend\\src\\controllers\\auth.controller.js:75:18"}
{"level":"error","message":"Error: Unable to login Unable to login","stack":"Error: Unable to login\n    at Object.getUserByCredential (F:\\Task Manager\\Backend\\src\\services\\user.service.js:35:15)\n    at process.processTicksAndRejections (node:internal/process/task_queues:95:5)\n    at async F:\\Task Manager\\Backend\\src\\controllers\\auth.controller.js:75:18"}
{"level":"error","message":"Error: Unable to login Unable to login","stack":"Error: Unable to login\n    at Object.getUserByCredential (F:\\Task Manager\\Backend\\src\\services\\user.service.js:35:15)\n    at process.processTicksAndRejections (node:internal/process/task_queues:95:5)\n    at async F:\\Task Manager\\Backend\\src\\controllers\\auth.controller.js:75:18"}
{"level":"error","message":"Error: Unable to login Unable to login","stack":"Error: Unable to login\n    at Object.getUserByCredential (F:\\Task Manager\\Backend\\src\\services\\user.service.js:35:15)\n    at process.processTicksAndRejections (node:internal/process/task_queues:95:5)\n    at async F:\\Task Manager\\Backend\\src\\controllers\\auth.controller.js:75:18"}
{"level":"info","message":"User loggedin"}
{"level":"info","message":"User logged out"}
{"level":"error","message":"Error: Unable to login Unable to login","stack":"Error: Unable to login\n    at Object.getUserByCredential (F:\\Task Manager\\Backend\\src\\services\\user.service.js:39:23)\n    at async F:\\Task Manager\\Backend\\src\\controllers\\auth.controller.js:75:18"}
{"level":"error","message":"Error: Email already exists Email already exists","stack":"Error: Email already exists\n    at F:\\Task Manager\\Backend\\src\\services\\user.service.js:29:15\n    at process.processTicksAndRejections (node:internal/process/task_queues:95:5)\n    at async F:\\Task Manager\\Backend\\src\\services\\user.service.js:20:5\n    at async F:\\Task Manager\\Backend\\src\\controllers\\auth.controller.js:49:18"}
{"level":"error","message":"Error: Email already exists Email already exists","stack":"Error: Email already exists\n    at F:\\Task Manager\\Backend\\src\\services\\user.service.js:29:15\n    at process.processTicksAndRejections (node:internal/process/task_queues:95:5)\n    at async F:\\Task Manager\\Backend\\src\\services\\user.service.js:20:5\n    at async F:\\Task Manager\\Backend\\src\\controllers\\auth.controller.js:49:18"}
{"level":"error","message":"Error: Email already exists Email already exists","stack":"Error: Email already exists\n    at F:\\Task Manager\\Backend\\src\\services\\user.service.js:29:15\n    at process.processTicksAndRejections (node:internal/process/task_queues:95:5)\n    at async F:\\Task Manager\\Backend\\src\\services\\user.service.js:20:5\n    at async F:\\Task Manager\\Backend\\src\\controllers\\auth.controller.js:49:18"}
{"level":"error","message":"Error: Email already exists Email already exists","stack":"Error: Email already exists\n    at F:\\Task Manager\\Backend\\src\\services\\user.service.js:29:15\n    at process.processTicksAndRejections (node:internal/process/task_queues:95:5)\n    at async F:\\Task Manager\\Backend\\src\\services\\user.service.js:20:5\n    at async F:\\Task Manager\\Backend\\src\\controllers\\auth.controller.js:49:18"}
{"level":"error","message":"Error: Email already exists Email already exists","stack":"Error: Email already exists\n    at F:\\Task Manager\\Backend\\src\\services\\user.service.js:29:15\n    at process.processTicksAndRejections (node:internal/process/task_queues:95:5)\n    at async F:\\Task Manager\\Backend\\src\\services\\user.service.js:20:5\n    at async F:\\Task Manager\\Backend\\src\\controllers\\auth.controller.js:49:18"}
{"level":"error","message":"Error: Email already exists Email already exists","stack":"Error: Email already exists\n    at F:\\Task Manager\\Backend\\src\\services\\user.service.js:29:15\n    at process.processTicksAndRejections (node:internal/process/task_queues:95:5)\n    at async F:\\Task Manager\\Backend\\src\\services\\user.service.js:20:5\n    at async F:\\Task Manager\\Backend\\src\\controllers\\auth.controller.js:49:18"}
{"level":"error","message":"Error: Email already exists Email already exists","stack":"Error: Email already exists\n    at F:\\Task Manager\\Backend\\src\\services\\user.service.js:29:15\n    at process.processTicksAndRejections (node:internal/process/task_queues:95:5)\n    at async F:\\Task Manager\\Backend\\src\\services\\user.service.js:20:5\n    at async F:\\Task Manager\\Backend\\src\\controllers\\auth.controller.js:49:18"}
{"level":"error","message":"Error: Email already exists Email already exists","stack":"Error: Email already exists\n    at F:\\Task Manager\\Backend\\src\\services\\user.service.js:29:15\n    at process.processTicksAndRejections (node:internal/process/task_queues:95:5)\n    at async F:\\Task Manager\\Backend\\src\\services\\user.service.js:20:5\n    at async F:\\Task Manager\\Backend\\src\\controllers\\auth.controller.js:49:18"}
{"level":"error","message":"Error: Email already exists Email already exists","stack":"Error: Email already exists\n    at F:\\Task Manager\\Backend\\src\\services\\user.service.js:29:15\n    at process.processTicksAndRejections (node:internal/process/task_queues:95:5)\n    at async F:\\Task Manager\\Backend\\src\\services\\user.service.js:20:5\n    at async F:\\Task Manager\\Backend\\src\\controllers\\auth.controller.js:49:18"}
{"level":"error","message":"Error: Email already exists Email already exists","stack":"Error: Email already exists\n    at F:\\Task Manager\\Backend\\src\\services\\user.service.js:29:15\n    at process.processTicksAndRejections (node:internal/process/task_queues:95:5)\n    at async F:\\Task Manager\\Backend\\src\\services\\user.service.js:20:5\n    at async F:\\Task Manager\\Backend\\src\\controllers\\auth.controller.js:49:18"}
{"level":"error","message":"Error: Email already exists Email already exists","stack":"Error: Email already exists\n    at F:\\Task Manager\\Backend\\src\\services\\user.service.js:29:15\n    at process.processTicksAndRejections (node:internal/process/task_queues:95:5)\n    at async F:\\Task Manager\\Backend\\src\\services\\user.service.js:20:5\n    at async F:\\Task Manager\\Backend\\src\\controllers\\auth.controller.js:49:18"}
{"level":"error","message":"Error: Email already exists Email already exists","stack":"Error: Email already exists\n    at F:\\Task Manager\\Backend\\src\\services\\user.service.js:29:15\n    at process.processTicksAndRejections (node:internal/process/task_queues:95:5)\n    at async F:\\Task Manager\\Backend\\src\\services\\user.service.js:20:5\n    at async F:\\Task Manager\\Backend\\src\\controllers\\auth.controller.js:49:18"}
{"level":"error","message":"Error: Email already exists Email already exists","stack":"Error: Email already exists\n    at F:\\Task Manager\\Backend\\src\\services\\user.service.js:29:15\n    at process.processTicksAndRejections (node:internal/process/task_queues:95:5)\n    at async F:\\Task Manager\\Backend\\src\\services\\user.service.js:20:5\n    at async F:\\Task Manager\\Backend\\src\\controllers\\auth.controller.js:49:18"}
{"level":"error","message":"Error: Email already exists Email already exists","stack":"Error: Email already exists\n    at F:\\Task Manager\\Backend\\src\\services\\user.service.js:29:15\n    at process.processTicksAndRejections (node:internal/process/task_queues:95:5)\n    at async F:\\Task Manager\\Backend\\src\\services\\user.service.js:20:5\n    at async F:\\Task Manager\\Backend\\src\\controllers\\auth.controller.js:49:18"}
{"level":"error","message":"Error: Email already exists Email already exists","stack":"Error: Email already exists\n    at F:\\Task Manager\\Backend\\src\\services\\user.service.js:29:15\n    at process.processTicksAndRejections (node:internal/process/task_queues:95:5)\n    at async F:\\Task Manager\\Backend\\src\\services\\user.service.js:20:5\n    at async F:\\Task Manager\\Backend\\src\\controllers\\auth.controller.js:49:18"}
{"level":"error","message":"Error: Email already exists Email already exists","stack":"Error: Email already exists\n    at F:\\Task Manager\\Backend\\src\\services\\user.service.js:29:15\n    at process.processTicksAndRejections (node:internal/process/task_queues:95:5)\n    at async F:\\Task Manager\\Backend\\src\\services\\user.service.js:20:5\n    at async F:\\Task Manager\\Backend\\src\\controllers\\auth.controller.js:49:18"}
{"level":"error","message":"Error: Email already exists Email already exists","stack":"Error: Email already exists\n    at F:\\Task Manager\\Backend\\src\\services\\user.service.js:29:15\n    at process.processTicksAndRejections (node:internal/process/task_queues:95:5)\n    at async F:\\Task Manager\\Backend\\src\\services\\user.service.js:20:5\n    at async F:\\Task Manager\\Backend\\src\\controllers\\auth.controller.js:49:18"}
{"level":"error","message":"Error: Email already exists Email already exists","stack":"Error: Email already exists\n    at F:\\Task Manager\\Backend\\src\\services\\user.service.js:29:15\n    at process.processTicksAndRejections (node:internal/process/task_queues:95:5)\n    at async F:\\Task Manager\\Backend\\src\\services\\user.service.js:20:5\n    at async F:\\Task Manager\\Backend\\src\\controllers\\auth.controller.js:49:18"}
{"level":"error","message":"Error: Email already exists Email already exists","stack":"Error: Email already exists\n    at F:\\Task Manager\\Backend\\src\\services\\user.service.js:29:15\n    at process.processTicksAndRejections (node:internal/process/task_queues:95:5)\n    at async F:\\Task Manager\\Backend\\src\\services\\user.service.js:20:5\n    at async F:\\Task Manager\\Backend\\src\\controllers\\auth.controller.js:49:18"}
{"level":"error","message":"Error: Email already exists Email already exists","stack":"Error: Email already exists\n    at F:\\Task Manager\\Backend\\src\\services\\user.service.js:29:15\n    at process.processTicksAndRejections (node:internal/process/task_queues:95:5)\n    at async F:\\Task Manager\\Backend\\src\\services\\user.service.js:20:5\n    at async F:\\Task Manager\\Backend\\src\\controllers\\auth.controller.js:49:18"}
{"level":"info","message":"User loggedin"}
